0.000256
0.000422
0.000538
0.000053
0.000074
0.000068
0.001415
0.001719
0.001945
0.003696
0.004051
0.005754
0.004171
0.003535
0.006641
0.008943
0.008116
0.007476
0.008396
0.008144
0.007913
0.008229
0.008519
0.008746
0.008197
0.007878
0.008263
0.008492
0.008643
0.045273
0.004039
0.005536
0.004807
0.003926
0.003894
0.004029
0.004123
0.004196
0.004194
0.004182
0.004071
0.004484
0.004387
0.003820
0.004021
0.000022
0.004033
0.004161
0.004141
0.003939
0.003896
0.003873
0.004838
0.003891
0.003977
0.004217
0.004325
0.004085
0.004246
0.004310
0.000022
0.004091
0.004676
0.004114
0.003963
0.004083
0.004500
0.005378
0.009566
0.005724
0.004183
0.004186
0.003914
0.000022
0.000020
0.004043
0.000021
0.004065
0.004788
0.004219
0.005007
0.004556
0.004419
0.004311
0.004177
0.004147
0.004702
0.004242
0.004175
0.004716
0.004119
0.004706
0.004262
0.004075
0.004132
0.004005
0.004464
0.004380
0.004197
0.004545
0.004797
0.004132
0.000026
0.003787
0.003983
0.004337
0.004648
0.005129
0.004879
0.004982
0.003982
0.014069
0.011579
0.004683
0.004577
0.004445
0.004400
0.005692
0.004400
0.004579
0.000022
0.004252
0.004526
0.007068
0.004625
0.004465
0.004538
0.536212
0.000022
0.000033
0.000022
0.004386
0.542821
0.011432
0.000019
0.013441
0.013259
0.012465
0.013032
0.014171
0.014269
0.000034
0.014141
0.013114
0.000029
0.012851
0.013525
0.000035
0.013404
0.000025
0.008422
0.017904
0.000033
0.012779
0.014368
0.000022
0.014561
0.014903
0.013365
0.000022
0.013299
0.013208
0.012810
0.013065
0.012876
0.014907
0.019021
0.023456
0.023689
0.006021
0.000021
0.004123
0.005275
0.005447
0.004102
0.006049
0.004594
0.005033
0.006217
0.004716
0.011868
0.004203
0.004120
0.005872
0.016164
0.000025
0.005854
0.013760
0.000021
0.004637
0.008806
0.050010
0.004126
0.005171
0.000027
0.004489
0.008007
0.004783
0.005452
0.005382
0.004710
0.005784
0.004941
0.004221
0.005564
0.000045
0.000028
0.004311
0.005314
0.004316
0.004475
0.005431
0.000026
0.004640
0.006200
0.004141
0.004290
0.011071
0.000021
0.004295
0.005761
0.004665
0.004355
0.005543
0.010678
0.018879
0.008976
0.008368
0.008597
0.000025
0.012392
0.012443
0.009010
0.000024
0.009242
0.009149
0.009743
0.009629
0.008957
0.009106
0.008782
0.008799
0.008790
0.008804
0.008541
0.000029
0.008291
0.012912
0.012902
0.008443
0.000022
0.009449
0.000024
0.011053
0.010615
0.009066
0.008630
0.008558
0.009106
0.009060
0.000022
0.000035
0.008497
0.008594
0.009383
0.000022
0.009111
0.005678
0.004908
0.004440
0.007202
0.004210
0.005546
0.004223
0.004029
0.005488
0.004382
0.005753
0.004325
0.000023
0.004401
0.005902
0.003989
0.000024
0.005587
0.004130
0.004254
0.005451
0.004417
0.005596
0.004303
0.004631
0.005271
0.004126
0.005465
0.004281
0.004322
0.005385
0.004266
0.005758
0.004353
0.007671
0.005337
0.005271
0.005899
0.004171
0.004780
0.006380
0.004379
0.005729
0.005030
0.004145
0.005247
0.004205
0.005678
0.004241
0.004345
0.005532
0.004402
0.005904
0.004722
0.004290
0.005225
0.004301
0.005726
0.004442
0.004613
0.005660
0.004504
0.005970
0.004300
0.004231
0.005413
0.004207
0.005716
0.004191
0.004348
0.005842
0.000023
0.004678
0.005469
0.004224
0.004259
0.005422
0.004357
0.005581
0.004410
0.000024
0.004478
0.005551
0.005115
0.005267
0.004185
0.004211
0.005217
0.004194
0.000027
0.005600
0.000025
0.004305
0.000023
0.004459
0.005812
0.003981
0.005459
0.006435
0.004205
0.000026
0.005339
0.004308
0.005764
0.004233
0.000026
0.004541
0.005624
0.004260
0.005509
0.004220
0.004290
0.005521
0.004382
0.006021
0.004306
0.005143
0.005416
0.004061
0.000024
0.005378
0.003777
0.004130
0.005255
0.004267
0.005363
0.004276
0.004600
0.000023
0.004814
0.004108
0.009121
0.010624
0.004388
0.005439
0.004455
0.006105
0.000026
0.004616
0.003929
0.005245
0.004404
0.005585
0.004199
0.004302
0.008613
0.004238
0.005982
0.004574
0.004510
0.005395
0.004370
0.005684
0.004508
0.004439
0.005728
0.000025
0.004720
0.006188
0.004001
0.004490
0.005628
0.004317
0.005914
0.004350
0.004752
0.000026
0.005837
0.005331
0.005672
0.004160
0.004647
0.000026
0.005601
0.004741
0.005604
0.005017
0.000025
0.004677
0.005747
0.000025
0.004929
0.005572
0.004370
0.004252
0.005803
0.004674
0.005867
0.004371
0.004588
0.005725
0.004278
0.005663
0.004320
0.004124
0.006919
0.004816
0.006647
0.004342
0.004437
0.006082
0.004095
